[0103/135633.096:ERROR:process_reader_win.cc(182)] ResumeThread: Parâmetro incorreto. (0x57)
[0103/135633.097:ERROR:process_reader_win.cc(151)] SuspendThread: Acesso negado. (0x5)
[0103/135633.097:ERROR:process_reader_win.cc(151)] SuspendThread: Acesso negado. (0x5)
[0103/135633.097:ERROR:process_reader_win.cc(151)] SuspendThread: Acesso negado. (0x5)
[0103/135633.097:ERROR:process_reader_win.cc(151)] SuspendThread: Acesso negado. (0x5)
[0103/135633.097:ERROR:process_reader_win.cc(151)] SuspendThread: Acesso negado. (0x5)
[0103/135633.097:ERROR:process_reader_win.cc(151)] SuspendThread: Acesso negado. (0x5)
[0103/135633.097:ERROR:process_reader_win.cc(151)] SuspendThread: Acesso negado. (0x5)
[0103/135633.097:ERROR:process_reader_win.cc(151)] SuspendThread: Acesso negado. (0x5)
[0103/135633.098:ERROR:process_reader_win.cc(151)] SuspendThread: Acesso negado. (0x5)
[0103/135633.098:ERROR:process_reader_win.cc(151)] SuspendThread: Acesso negado. (0x5)
[0103/135634.713:ERROR:process_memory_win.cc(73)] ReadMemory at 0x7ff67e950000 of 64 bytes failed: Somente uma parte de um pedido ReadProcessMemory ou WriteProcessMemory foi concluída. (0x12B)
[0103/135634.729:WARNING:pe_image_reader.cc(340)] could not read dos header from C:\Program Files (x86)\Google\Chrome\Application\chrome.exe
[0103/135634.729:ERROR:process_memory_win.cc(73)] ReadMemory at 0x25380150750 of 72 bytes failed: Somente uma parte de um pedido ReadProcessMemory ou WriteProcessMemory foi concluída. (0x12B)
[0103/135634.729:WARNING:pe_image_annotations_reader.cc(134)] could not read annotations list object in C:\Program Files (x86)\Google\Chrome\Application\79.0.3945.88\chrome_elf.dll
[0103/135634.729:ERROR:process_memory_win.cc(73)] ReadMemory at 0x7ffe74b70000 of 64 bytes failed: Somente uma parte de um pedido ReadProcessMemory ou WriteProcessMemory foi concluída. (0x12B)
[0103/135634.729:WARNING:pe_image_reader.cc(340)] could not read dos header from C:\Program Files (x86)\Google\Chrome\Application\79.0.3945.88\chrome_child.dll
[0103/135634.729:ERROR:process_memory_win.cc(73)] ReadMemory at 0x25380380000 of 64 bytes failed: Somente uma parte de um pedido ReadProcessMemory ou WriteProcessMemory foi concluída. (0x12B)
[0103/135634.729:WARNING:pe_image_reader.cc(340)] could not read dos header from C:\Windows\System32\combase.dll
[0103/135634.730:ERROR:process_memory_win.cc(73)] ReadMemory at 0x7ff67e950000 of 64 bytes failed: Somente uma parte de um pedido ReadProcessMemory ou WriteProcessMemory foi concluída. (0x12B)
[0103/135634.730:WARNING:pe_image_reader.cc(340)] could not read dos header from C:\Program Files (x86)\Google\Chrome\Application\chrome.exe
[0103/135634.731:ERROR:process_memory_win.cc(73)] ReadMemory at 0x25380150750 of 72 bytes failed: Somente uma parte de um pedido ReadProcessMemory ou WriteProcessMemory foi concluída. (0x12B)
[0103/135634.731:WARNING:pe_image_annotations_reader.cc(134)] could not read annotations list object in C:\Program Files (x86)\Google\Chrome\Application\79.0.3945.88\chrome_elf.dll
[0103/135634.732:ERROR:process_memory_win.cc(73)] ReadMemory at 0x7ffe74b70000 of 64 bytes failed: Somente uma parte de um pedido ReadProcessMemory ou WriteProcessMemory foi concluída. (0x12B)
[0103/135634.732:WARNING:pe_image_reader.cc(340)] could not read dos header from C:\Program Files (x86)\Google\Chrome\Application\79.0.3945.88\chrome_child.dll
[0103/135634.733:ERROR:process_memory_win.cc(73)] ReadMemory at 0x25380380000 of 64 bytes failed: Somente uma parte de um pedido ReadProcessMemory ou WriteProcessMemory foi concluída. (0x12B)
[0103/135634.733:WARNING:pe_image_reader.cc(340)] could not read dos header from C:\Windows\System32\combase.dll
[0103/135634.788:ERROR:process_memory_win.cc(73)] ReadMemory at 0xf2709eb000 of 86016 bytes failed: Somente uma parte de um pedido ReadProcessMemory ou WriteProcessMemory foi concluída. (0x12B)
[0103/135634.828:ERROR:process_memory_win.cc(73)] ReadMemory at 0xf2711fd000 of 12288 bytes failed: Somente uma parte de um pedido ReadProcessMemory ou WriteProcessMemory foi concluída. (0x12B)
[0103/135634.828:ERROR:process_memory_win.cc(73)] ReadMemory at 0xf2700b3000 of 852 bytes failed: Somente uma parte de um pedido ReadProcessMemory ou WriteProcessMemory foi concluída. (0x12B)
[0103/135634.829:ERROR:process_memory_win.cc(73)] ReadMemory at 0xf2700b4000 of 6024 bytes failed: Somente uma parte de um pedido ReadProcessMemory ou WriteProcessMemory foi concluída. (0x12B)
[0103/135634.829:ERROR:process_memory_win.cc(73)] ReadMemory at 0xf2700b6000 of 6024 bytes failed: Somente uma parte de um pedido ReadProcessMemory ou WriteProcessMemory foi concluída. (0x12B)
[0103/135634.829:ERROR:process_memory_win.cc(73)] ReadMemory at 0x25380717320 of 512 bytes failed: Somente uma parte de um pedido ReadProcessMemory ou WriteProcessMemory foi concluída. (0x12B)
[0103/135634.829:ERROR:process_memory_win.cc(73)] ReadMemory at 0x25383b26be0 of 512 bytes failed: Somente uma parte de um pedido ReadProcessMemory ou WriteProcessMemory foi concluída. (0x12B)
[0103/135634.829:ERROR:process_memory_win.cc(73)] ReadMemory at 0x253c32a0fe0 of 5214 bytes failed: Somente uma parte de um pedido ReadProcessMemory ou WriteProcessMemory foi concluída. (0x12B)
[0103/135634.829:ERROR:process_memory_win.cc(73)] ReadMemory at 0x253c32a2450 of 1012 bytes failed: Somente uma parte de um pedido ReadProcessMemory ou WriteProcessMemory foi concluída. (0x12B)
[0103/135634.829:ERROR:process_memory_win.cc(73)] ReadMemory at 0x253c32a2a78 of 118 bytes failed: Somente uma parte de um pedido ReadProcessMemory ou WriteProcessMemory foi concluída. (0x12B)
[0103/135634.829:ERROR:process_memory_win.cc(73)] ReadMemory at 0x253c32a2af0 of 1344 bytes failed: Somente uma parte de um pedido ReadProcessMemory ou WriteProcessMemory foi concluída. (0x12B)
[0103/135634.830:ERROR:process_memory_win.cc(73)] ReadMemory at 0x253c32a3032 of 118 bytes failed: Somente uma parte de um pedido ReadProcessMemory ou WriteProcessMemory foi concluída. (0x12B)
[0103/135634.830:ERROR:process_memory_win.cc(73)] ReadMemory at 0x253c32a30aa of 100 bytes failed: Somente uma parte de um pedido ReadProcessMemory ou WriteProcessMemory foi concluída. (0x12B)
[0103/135634.830:ERROR:process_memory_win.cc(73)] ReadMemory at 0x253c32a3120 of 58 bytes failed: Somente uma parte de um pedido ReadProcessMemory ou WriteProcessMemory foi concluída. (0x12B)
[0103/135634.830:ERROR:process_memory_win.cc(73)] ReadMemory at 0x253c32a3220 of 132 bytes failed: Somente uma parte de um pedido ReadProcessMemory ou WriteProcessMemory foi concluída. (0x12B)
[0103/135634.830:ERROR:process_memory_win.cc(73)] ReadMemory at 0x253c32a33b0 of 132 bytes failed: Somente uma parte de um pedido ReadProcessMemory ou WriteProcessMemory foi concluída. (0x12B)
[0103/135634.830:ERROR:process_memory_win.cc(73)] ReadMemory at 0x253c32a3570 of 124 bytes failed: Somente uma parte de um pedido ReadProcessMemory ou WriteProcessMemory foi concluída. (0x12B)
[0103/135634.830:ERROR:process_memory_win.cc(73)] ReadMemory at 0x253c32a3950 of 132 bytes failed: Somente uma parte de um pedido ReadProcessMemory ou WriteProcessMemory foi concluída. (0x12B)
[0103/135634.830:ERROR:process_memory_win.cc(73)] ReadMemory at 0x253c32a3ae0 of 64 bytes failed: Somente uma parte de um pedido ReadProcessMemory ou WriteProcessMemory foi concluída. (0x12B)
[0103/135634.830:ERROR:process_memory_win.cc(73)] ReadMemory at 0x253c32a3ca0 of 132 bytes failed: Somente uma parte de um pedido ReadProcessMemory ou WriteProcessMemory foi concluída. (0x12B)
[0103/135634.830:ERROR:process_memory_win.cc(73)] ReadMemory at 0x253c32a3f40 of 132 bytes failed: Somente uma parte de um pedido ReadProcessMemory ou WriteProcessMemory foi concluída. (0x12B)
[0103/135634.830:ERROR:process_memory_win.cc(73)] ReadMemory at 0x253c32a40d0 of 68 bytes failed: Somente uma parte de um pedido ReadProcessMemory ou WriteProcessMemory foi concluída. (0x12B)
[0103/135634.832:ERROR:process_memory_win.cc(73)] ReadMemory at 0x253c32a50e0 of 156 bytes failed: Somente uma parte de um pedido ReadProcessMemory ou WriteProcessMemory foi concluída. (0x12B)
[0103/135634.833:ERROR:process_memory_win.cc(73)] ReadMemory at 0x253c32a51c0 of 132 bytes failed: Somente uma parte de um pedido ReadProcessMemory ou WriteProcessMemory foi concluída. (0x12B)
[0103/135634.833:ERROR:process_memory_win.cc(73)] ReadMemory at 0x253c32a5350 of 152 bytes failed: Somente uma parte de um pedido ReadProcessMemory ou WriteProcessMemory foi concluída. (0x12B)
[0103/135634.833:ERROR:process_memory_win.cc(73)] ReadMemory at 0x253c32a5e80 of 132 bytes failed: Somente uma parte de um pedido ReadProcessMemory ou WriteProcessMemory foi concluída. (0x12B)
[0103/135634.833:ERROR:process_memory_win.cc(73)] ReadMemory at 0x253c32a6090 of 62 bytes failed: Somente uma parte de um pedido ReadProcessMemory ou WriteProcessMemory foi concluída. (0x12B)
[0103/135634.833:ERROR:process_memory_win.cc(73)] ReadMemory at 0x253c32a61f0 of 132 bytes failed: Somente uma parte de um pedido ReadProcessMemory ou WriteProcessMemory foi concluída. (0x12B)
[0103/135634.833:ERROR:process_memory_win.cc(73)] ReadMemory at 0x253c32a6380 of 60 bytes failed: Somente uma parte de um pedido ReadProcessMemory ou WriteProcessMemory foi concluída. (0x12B)
[0103/135634.833:ERROR:process_memory_win.cc(73)] ReadMemory at 0x253c32a7c6a of 512 bytes failed: Somente uma parte de um pedido ReadProcessMemory ou WriteProcessMemory foi concluída. (0x12B)
[0103/135634.833:ERROR:process_memory_win.cc(73)] ReadMemory at 0x253c32a8080 of 132 bytes failed: Somente uma parte de um pedido ReadProcessMemory ou WriteProcessMemory foi concluída. (0x12B)
[0103/135634.833:ERROR:process_memory_win.cc(73)] ReadMemory at 0x253c32a8290 of 132 bytes failed: Somente uma parte de um pedido ReadProcessMemory ou WriteProcessMemory foi concluída. (0x12B)
[0103/135634.833:ERROR:process_memory_win.cc(73)] ReadMemory at 0x253c32a8570 of 132 bytes failed: Somente uma parte de um pedido ReadProcessMemory ou WriteProcessMemory foi concluída. (0x12B)
[0103/135634.834:ERROR:process_memory_win.cc(73)] ReadMemory at 0x253c32aac60 of 132 bytes failed: Somente uma parte de um pedido ReadProcessMemory ou WriteProcessMemory foi concluída. (0x12B)
[0103/135634.834:ERROR:process_memory_win.cc(73)] ReadMemory at 0x253c32aad90 of 132 bytes failed: Somente uma parte de um pedido ReadProcessMemory ou WriteProcessMemory foi concluída. (0x12B)
[0103/135634.834:ERROR:process_memory_win.cc(73)] ReadMemory at 0x253c32aaf20 of 80 bytes failed: Somente uma parte de um pedido ReadProcessMemory ou WriteProcessMemory foi concluída. (0x12B)
[0103/135634.834:ERROR:process_memory_win.cc(73)] ReadMemory at 0x253c32ab0c0 of 60 bytes failed: Somente uma parte de um pedido ReadProcessMemory ou WriteProcessMemory foi concluída. (0x12B)
[0103/135634.834:ERROR:process_memory_win.cc(73)] ReadMemory at 0x253c32ab110 of 62 bytes failed: Somente uma parte de um pedido ReadProcessMemory ou WriteProcessMemory foi concluída. (0x12B)
[0103/135634.834:ERROR:process_memory_win.cc(73)] ReadMemory at 0x253c32ab480 of 62 bytes failed: Somente uma parte de um pedido ReadProcessMemory ou WriteProcessMemory foi concluída. (0x12B)
[0103/135634.834:ERROR:process_memory_win.cc(73)] ReadMemory at 0x253c32ab520 of 66 bytes failed: Somente uma parte de um pedido ReadProcessMemory ou WriteProcessMemory foi concluída. (0x12B)
[0103/135634.834:ERROR:process_memory_win.cc(73)] ReadMemory at 0x253c32ab570 of 64 bytes failed: Somente uma parte de um pedido ReadProcessMemory ou WriteProcessMemory foi concluída. (0x12B)
[0103/135634.834:ERROR:process_memory_win.cc(73)] ReadMemory at 0x253c32ab610 of 60 bytes failed: Somente uma parte de um pedido ReadProcessMemory ou WriteProcessMemory foi concluída. (0x12B)
[0103/135634.834:ERROR:process_memory_win.cc(73)] ReadMemory at 0x253c32ab660 of 64 bytes failed: Somente uma parte de um pedido ReadProcessMemory ou WriteProcessMemory foi concluída. (0x12B)
[0103/135634.834:ERROR:process_memory_win.cc(73)] ReadMemory at 0x253c32ab700 of 64 bytes failed: Somente uma parte de um pedido ReadProcessMemory ou WriteProcessMemory foi concluída. (0x12B)
[0103/135634.834:ERROR:process_memory_win.cc(73)] ReadMemory at 0x253c32ab7f0 of 64 bytes failed: Somente uma parte de um pedido ReadProcessMemory ou WriteProcessMemory foi concluída. (0x12B)
[0103/135634.834:ERROR:process_memory_win.cc(73)] ReadMemory at 0x253c32aca50 of 76 bytes failed: Somente uma parte de um pedido ReadProcessMemory ou WriteProcessMemory foi concluída. (0x12B)
[0103/135634.834:ERROR:process_memory_win.cc(73)] ReadMemory at 0x253c32acb70 of 78 bytes failed: Somente uma parte de um pedido ReadProcessMemory ou WriteProcessMemory foi concluída. (0x12B)
[0103/135634.834:ERROR:process_memory_win.cc(73)] ReadMemory at 0x253c32ae0c0 of 132 bytes failed: Somente uma parte de um pedido ReadProcessMemory ou WriteProcessMemory foi concluída. (0x12B)
[0103/135634.835:ERROR:process_memory_win.cc(73)] ReadMemory at 0x253c32aea10 of 132 bytes failed: Somente uma parte de um pedido ReadProcessMemory ou WriteProcessMemory foi concluída. (0x12B)
[0103/135634.835:ERROR:process_memory_win.cc(73)] ReadMemory at 0x253c32af420 of 132 bytes failed: Somente uma parte de um pedido ReadProcessMemory ou WriteProcessMemory foi concluída. (0x12B)
[0103/135634.835:ERROR:process_memory_win.cc(73)] ReadMemory at 0x253c32afea0 of 54 bytes failed: Somente uma parte de um pedido ReadProcessMemory ou WriteProcessMemory foi concluída. (0x12B)
[0103/135634.835:ERROR:process_memory_win.cc(73)] ReadMemory at 0x253c32b3a80 of 132 bytes failed: Somente uma parte de um pedido ReadProcessMemory ou WriteProcessMemory foi concluída. (0x12B)
[0103/135634.835:ERROR:process_memory_win.cc(73)] ReadMemory at 0x253c32b5630 of 132 bytes failed: Somente uma parte de um pedido ReadProcessMemory ou WriteProcessMemory foi concluída. (0x12B)
[0103/135634.835:ERROR:process_memory_win.cc(73)] ReadMemory at 0x253c32b5760 of 132 bytes failed: Somente uma parte de um pedido ReadProcessMemory ou WriteProcessMemory foi concluída. (0x12B)
[0103/135634.835:ERROR:process_memory_win.cc(73)] ReadMemory at 0x253c32b5890 of 132 bytes failed: Somente uma parte de um pedido ReadProcessMemory ou WriteProcessMemory foi concluída. (0x12B)
[0103/135634.835:ERROR:process_memory_win.cc(73)] ReadMemory at 0x253c32b59c0 of 132 bytes failed: Somente uma parte de um pedido ReadProcessMemory ou WriteProcessMemory foi concluída. (0x12B)
[0103/135634.835:ERROR:process_memory_win.cc(73)] ReadMemory at 0x253c32b5af0 of 132 bytes failed: Somente uma parte de um pedido ReadProcessMemory ou WriteProcessMemory foi concluída. (0x12B)
[0103/135634.835:ERROR:process_memory_win.cc(73)] ReadMemory at 0x253c32b5d50 of 132 bytes failed: Somente uma parte de um pedido ReadProcessMemory ou WriteProcessMemory foi concluída. (0x12B)
[0103/135634.835:ERROR:process_memory_win.cc(73)] ReadMemory at 0x253c32b5e80 of 132 bytes failed: Somente uma parte de um pedido ReadProcessMemory ou WriteProcessMemory foi concluída. (0x12B)
[0103/135634.835:ERROR:process_memory_win.cc(73)] ReadMemory at 0x253c32b5fb0 of 132 bytes failed: Somente uma parte de um pedido ReadProcessMemory ou WriteProcessMemory foi concluída. (0x12B)
[0103/135634.835:ERROR:process_memory_win.cc(73)] ReadMemory at 0x253c32b60e0 of 132 bytes failed: Somente uma parte de um pedido ReadProcessMemory ou WriteProcessMemory foi concluída. (0x12B)
[0103/135634.835:ERROR:process_memory_win.cc(73)] ReadMemory at 0x253c32b6210 of 132 bytes failed: Somente uma parte de um pedido ReadProcessMemory ou WriteProcessMemory foi concluída. (0x12B)
[0103/135634.836:ERROR:process_memory_win.cc(73)] ReadMemory at 0x253c32b6340 of 132 bytes failed: Somente uma parte de um pedido ReadProcessMemory ou WriteProcessMemory foi concluída. (0x12B)
[0103/135634.836:ERROR:process_memory_win.cc(73)] ReadMemory at 0x253c32b6470 of 132 bytes failed: Somente uma parte de um pedido ReadProcessMemory ou WriteProcessMemory foi concluída. (0x12B)
[0103/135634.836:ERROR:process_memory_win.cc(73)] ReadMemory at 0x253c32b6640 of 62 bytes failed: Somente uma parte de um pedido ReadProcessMemory ou WriteProcessMemory foi concluída. (0x12B)
[0103/135634.836:ERROR:process_memory_win.cc(73)] ReadMemory at 0x253c32b67d0 of 58 bytes failed: Somente uma parte de um pedido ReadProcessMemory ou WriteProcessMemory foi concluída. (0x12B)
[0103/135634.836:ERROR:process_memory_win.cc(73)] ReadMemory at 0x253c32b6820 of 64 bytes failed: Somente uma parte de um pedido ReadProcessMemory ou WriteProcessMemory foi concluída. (0x12B)
[0103/135634.836:ERROR:process_memory_win.cc(73)] ReadMemory at 0x253c32b6960 of 62 bytes failed: Somente uma parte de um pedido ReadProcessMemory ou WriteProcessMemory foi concluída. (0x12B)
[0103/135634.836:ERROR:process_memory_win.cc(73)] ReadMemory at 0x253c32b69b0 of 62 bytes failed: Somente uma parte de um pedido ReadProcessMemory ou WriteProcessMemory foi concluída. (0x12B)
[0103/135634.836:ERROR:process_memory_win.cc(73)] ReadMemory at 0x253c32b6a00 of 62 bytes failed: Somente uma parte de um pedido ReadProcessMemory ou WriteProcessMemory foi concluída. (0x12B)
[0103/135634.836:ERROR:process_memory_win.cc(73)] ReadMemory at 0x253c32b6a50 of 64 bytes failed: Somente uma parte de um pedido ReadProcessMemory ou WriteProcessMemory foi concluída. (0x12B)
[0103/135634.836:ERROR:process_memory_win.cc(73)] ReadMemory at 0x253c32b6aa0 of 60 bytes failed: Somente uma parte de um pedido ReadProcessMemory ou WriteProcessMemory foi concluída. (0x12B)
[0103/135634.836:ERROR:process_memory_win.cc(73)] ReadMemory at 0x253c32b6c80 of 64 bytes failed: Somente uma parte de um pedido ReadProcessMemory ou WriteProcessMemory foi concluída. (0x12B)
[0103/135634.836:ERROR:process_memory_win.cc(73)] ReadMemory at 0x253c32b6dc0 of 60 bytes failed: Somente uma parte de um pedido ReadProcessMemory ou WriteProcessMemory foi concluída. (0x12B)
[0103/135634.836:ERROR:process_memory_win.cc(73)] ReadMemory at 0x253c32b6e10 of 62 bytes failed: Somente uma parte de um pedido ReadProcessMemory ou WriteProcessMemory foi concluída. (0x12B)
[0103/135634.836:ERROR:process_memory_win.cc(73)] ReadMemory at 0x253c32b6e60 of 62 bytes failed: Somente uma parte de um pedido ReadProcessMemory ou WriteProcessMemory foi concluída. (0x12B)
[0103/135634.837:ERROR:process_memory_win.cc(73)] ReadMemory at 0x253c32b6f50 of 64 bytes failed: Somente uma parte de um pedido ReadProcessMemory ou WriteProcessMemory foi concluída. (0x12B)
[0103/135634.837:ERROR:process_memory_win.cc(73)] ReadMemory at 0x253c32b6fa0 of 60 bytes failed: Somente uma parte de um pedido ReadProcessMemory ou WriteProcessMemory foi concluída. (0x12B)
[0103/135634.837:ERROR:process_memory_win.cc(73)] ReadMemory at 0x253c32b7090 of 62 bytes failed: Somente uma parte de um pedido ReadProcessMemory ou WriteProcessMemory foi concluída. (0x12B)
[0103/135634.837:ERROR:process_memory_win.cc(73)] ReadMemory at 0x253c32b70e0 of 60 bytes failed: Somente uma parte de um pedido ReadProcessMemory ou WriteProcessMemory foi concluída. (0x12B)
[0103/135634.837:ERROR:process_memory_win.cc(73)] ReadMemory at 0x253c32b71d0 of 66 bytes failed: Somente uma parte de um pedido ReadProcessMemory ou WriteProcessMemory foi concluída. (0x12B)
[0103/135634.837:ERROR:process_memory_win.cc(73)] ReadMemory at 0x253c32b7220 of 62 bytes failed: Somente uma parte de um pedido ReadProcessMemory ou WriteProcessMemory foi concluída. (0x12B)
[0103/135634.837:ERROR:process_memory_win.cc(73)] ReadMemory at 0x253c32b84f0 of 132 bytes failed: Somente uma parte de um pedido ReadProcessMemory ou WriteProcessMemory foi concluída. (0x12B)
[0103/135634.837:ERROR:process_memory_win.cc(73)] ReadMemory at 0x253c32b8620 of 132 bytes failed: Somente uma parte de um pedido ReadProcessMemory ou WriteProcessMemory foi concluída. (0x12B)
[0103/135634.837:ERROR:process_memory_win.cc(73)] ReadMemory at 0x253c32b8750 of 132 bytes failed: Somente uma parte de um pedido ReadProcessMemory ou WriteProcessMemory foi concluída. (0x12B)
[0103/135634.837:ERROR:process_memory_win.cc(73)] ReadMemory at 0x253c32b8880 of 132 bytes failed: Somente uma parte de um pedido ReadProcessMemory ou WriteProcessMemory foi concluída. (0x12B)
[0103/135634.837:ERROR:process_memory_win.cc(73)] ReadMemory at 0x253c32b89b0 of 132 bytes failed: Somente uma parte de um pedido ReadProcessMemory ou WriteProcessMemory foi concluída. (0x12B)
[0103/135634.837:ERROR:process_memory_win.cc(73)] ReadMemory at 0x253c32b8fa0 of 132 bytes failed: Somente uma parte de um pedido ReadProcessMemory ou WriteProcessMemory foi concluída. (0x12B)
[0103/135634.837:ERROR:process_memory_win.cc(73)] ReadMemory at 0x253c32b90d0 of 132 bytes failed: Somente uma parte de um pedido ReadProcessMemory ou WriteProcessMemory foi concluída. (0x12B)
[0103/135634.837:ERROR:process_memory_win.cc(73)] ReadMemory at 0x253c32b9200 of 132 bytes failed: Somente uma parte de um pedido ReadProcessMemory ou WriteProcessMemory foi concluída. (0x12B)
[0103/135634.837:ERROR:process_memory_win.cc(73)] ReadMemory at 0x253c32b9330 of 132 bytes failed: Somente uma parte de um pedido ReadProcessMemory ou WriteProcessMemory foi concluída. (0x12B)
[0103/135634.838:ERROR:process_memory_win.cc(73)] ReadMemory at 0x253c32b9460 of 132 bytes failed: Somente uma parte de um pedido ReadProcessMemory ou WriteProcessMemory foi concluída. (0x12B)
[0103/135634.838:ERROR:process_memory_win.cc(73)] ReadMemory at 0x253c32b9590 of 132 bytes failed: Somente uma parte de um pedido ReadProcessMemory ou WriteProcessMemory foi concluída. (0x12B)
[0103/135634.838:ERROR:process_memory_win.cc(73)] ReadMemory at 0x253c32b96c0 of 132 bytes failed: Somente uma parte de um pedido ReadProcessMemory ou WriteProcessMemory foi concluída. (0x12B)
[0103/135634.838:ERROR:process_memory_win.cc(73)] ReadMemory at 0x253c32b97f0 of 132 bytes failed: Somente uma parte de um pedido ReadProcessMemory ou WriteProcessMemory foi concluída. (0x12B)
[0103/135634.838:ERROR:process_memory_win.cc(73)] ReadMemory at 0x253c32b9920 of 132 bytes failed: Somente uma parte de um pedido ReadProcessMemory ou WriteProcessMemory foi concluída. (0x12B)
[0103/135634.838:ERROR:process_memory_win.cc(73)] ReadMemory at 0x253c32b9a50 of 132 bytes failed: Somente uma parte de um pedido ReadProcessMemory ou WriteProcessMemory foi concluída. (0x12B)
[0103/135634.838:ERROR:process_memory_win.cc(73)] ReadMemory at 0x253c32b9b80 of 132 bytes failed: Somente uma parte de um pedido ReadProcessMemory ou WriteProcessMemory foi concluída. (0x12B)
[0103/135634.838:ERROR:process_memory_win.cc(73)] ReadMemory at 0x253c32b9f10 of 132 bytes failed: Somente uma parte de um pedido ReadProcessMemory ou WriteProcessMemory foi concluída. (0x12B)
[0103/135634.838:ERROR:process_memory_win.cc(73)] ReadMemory at 0x253c32ba170 of 132 bytes failed: Somente uma parte de um pedido ReadProcessMemory ou WriteProcessMemory foi concluída. (0x12B)
[0103/135634.838:ERROR:process_memory_win.cc(73)] ReadMemory at 0x253c32ba2a0 of 132 bytes failed: Somente uma parte de um pedido ReadProcessMemory ou WriteProcessMemory foi concluída. (0x12B)
[0103/135634.838:ERROR:process_memory_win.cc(73)] ReadMemory at 0x253c32c89e0 of 58 bytes failed: Somente uma parte de um pedido ReadProcessMemory ou WriteProcessMemory foi concluída. (0x12B)
[0103/135634.838:ERROR:process_memory_win.cc(73)] ReadMemory at 0x253c32c8d00 of 62 bytes failed: Somente uma parte de um pedido ReadProcessMemory ou WriteProcessMemory foi concluída. (0x12B)
[0103/135634.838:ERROR:process_memory_win.cc(73)] ReadMemory at 0x253c32c8e40 of 64 bytes failed: Somente uma parte de um pedido ReadProcessMemory ou WriteProcessMemory foi concluída. (0x12B)
[0103/135634.838:ERROR:process_memory_win.cc(73)] ReadMemory at 0x253c32c9020 of 62 bytes failed: Somente uma parte de um pedido ReadProcessMemory ou WriteProcessMemory foi concluída. (0x12B)
[0103/135634.838:ERROR:process_memory_win.cc(73)] ReadMemory at 0x253c32c9160 of 60 bytes failed: Somente uma parte de um pedido ReadProcessMemory ou WriteProcessMemory foi concluída. (0x12B)
[0103/135634.839:ERROR:process_memory_win.cc(73)] ReadMemory at 0x253c32c9390 of 58 bytes failed: Somente uma parte de um pedido ReadProcessMemory ou WriteProcessMemory foi concluída. (0x12B)
[0103/135634.839:ERROR:process_memory_win.cc(73)] ReadMemory at 0x253c32c93e0 of 62 bytes failed: Somente uma parte de um pedido ReadProcessMemory ou WriteProcessMemory foi concluída. (0x12B)
[0103/135634.839:ERROR:process_memory_win.cc(73)] ReadMemory at 0x253c32c94d0 of 66 bytes failed: Somente uma parte de um pedido ReadProcessMemory ou WriteProcessMemory foi concluída. (0x12B)
[0103/135634.839:ERROR:process_memory_win.cc(73)] ReadMemory at 0x253c32c9750 of 60 bytes failed: Somente uma parte de um pedido ReadProcessMemory ou WriteProcessMemory foi concluída. (0x12B)
[0103/135634.839:ERROR:process_memory_win.cc(73)] ReadMemory at 0x7ffe74bd130e of 512 bytes failed: Somente uma parte de um pedido ReadProcessMemory ou WriteProcessMemory foi concluída. (0x12B)
[0103/135634.839:ERROR:process_memory_win.cc(73)] ReadMemory at 0x7ffe74dd257a of 512 bytes failed: Somente uma parte de um pedido ReadProcessMemory ou WriteProcessMemory foi concluída. (0x12B)
[0103/135634.839:ERROR:process_memory_win.cc(73)] ReadMemory at 0x7ffe74dd6779 of 512 bytes failed: Somente uma parte de um pedido ReadProcessMemory ou WriteProcessMemory foi concluída. (0x12B)
[0103/135634.839:ERROR:process_memory_win.cc(73)] ReadMemory at 0x7ffed55590d9 of 512 bytes failed: Somente uma parte de um pedido ReadProcessMemory ou WriteProcessMemory foi concluída. (0x12B)
[0103/135634.839:ERROR:process_memory_win.cc(73)] ReadMemory at 0x7ffed86cf764 of 512 bytes failed: Somente uma parte de um pedido ReadProcessMemory ou WriteProcessMemory foi concluída. (0x12B)
[0103/135634.839:ERROR:process_memory_win.cc(73)] ReadMemory at 0x7ffed86cfd64 of 512 bytes failed: Somente uma parte de um pedido ReadProcessMemory ou WriteProcessMemory foi concluída. (0x12B)
[0103/135634.839:ERROR:process_memory_win.cc(73)] ReadMemory at 0x7ffed875c0c8 of 18 bytes failed: Somente uma parte de um pedido ReadProcessMemory ou WriteProcessMemory foi concluída. (0x12B)
[0103/135634.839:ERROR:process_memory_win.cc(73)] ReadMemory at 0x7ffed878f4f8 of 40 bytes failed: Somente uma parte de um pedido ReadProcessMemory ou WriteProcessMemory foi concluída. (0x12B)
[0103/135634.839:ERROR:process_memory_win.cc(73)] ReadMemory at 0x7ffed878f978 of 48 bytes failed: Somente uma parte de um pedido ReadProcessMemory ou WriteProcessMemory foi concluída. (0x12B)
[0103/135634.840:ERROR:process_memory_win.cc(73)] ReadMemory at 0x7ffed87953a0 of 64 bytes failed: Somente uma parte de um pedido ReadProcessMemory ou WriteProcessMemory foi concluída. (0x12B)
[0103/135634.842:ERROR:scoped_process_suspend.cc(40)] NtResumeProcess: Tentou-se acessar um processo de saída. (0xc000010a)
